This file contains any messages produced by compilers while
running configure, to aid debugging if configure makes a mistake.

It was created by VRITEAM-SYNC configure 0.2.4, which was
generated by GNU Autoconf 2.63.  Invocation command line was

  $ ./configure 

## --------- ##
## Platform. ##
## --------- ##

hostname = qchen-ThinkCentre-XXXX
uname -m = x86_64
uname -r = 3.13.0-32-generic
uname -s = Linux
uname -v = #57-Ubuntu SMP Tue Jul 15 03:51:08 UTC 2014

/usr/bin/uname -p = unknown
/bin/uname -X     = unknown

/bin/arch              = unknown
/usr/bin/arch -k       = unknown
/usr/convex/getsysinfo = unknown
/usr/bin/hostinfo      = unknown
/bin/machine           = unknown
/usr/bin/oslevel       = unknown
/bin/universe          = unknown

PATH: /usr/local/sbin
PATH: /usr/local/bin
PATH: /usr/sbin
PATH: /usr/bin
PATH: /sbin
PATH: /bin
PATH: /usr/games
PATH: /usr/local/games


## ----------- ##
## Core tests. ##
## ----------- ##

configure:1902: checking for gcc
configure:1918: found /usr/bin/gcc
configure:1929: result: gcc
configure:2161: checking for C compiler version
configure:2169: gcc --version >&5
gcc (Ubuntu 4.8.2-19ubuntu1) 4.8.2
Copyright (C) 2013 Free Software Foundation, Inc.
This is free software; see the source for copying conditions.  There is NO
warranty; not even for MERCHANTABILITY or FITNESS FOR A PARTICULAR PURPOSE.

configure:2173: $? = 0
configure:2180: gcc -v >&5
Using built-in specs.
COLLECT_GCC=gcc
COLLECT_LTO_WRAPPER=/usr/lib/gcc/x86_64-linux-gnu/4.8/lto-wrapper
Target: x86_64-linux-gnu
Configured with: ../src/configure -v --with-pkgversion='Ubuntu 4.8.2-19ubuntu1' --with-bugurl=file:///usr/share/doc/gcc-4.8/README.Bugs --enable-languages=c,c++,java,go,d,fortran,objc,obj-c++ --prefix=/usr --program-suffix=-4.8 --enable-shared --enable-linker-build-id --libexecdir=/usr/lib --without-included-gettext --enable-threads=posix --with-gxx-include-dir=/usr/include/c++/4.8 --libdir=/usr/lib --enable-nls --with-sysroot=/ --enable-clocale=gnu --enable-libstdcxx-debug --enable-libstdcxx-time=yes --enable-gnu-unique-object --disable-libmudflap --enable-plugin --with-system-zlib --disable-browser-plugin --enable-java-awt=gtk --enable-gtk-cairo --with-java-home=/usr/lib/jvm/java-1.5.0-gcj-4.8-amd64/jre --enable-java-home --with-jvm-root-dir=/usr/lib/jvm/java-1.5.0-gcj-4.8-amd64 --with-jvm-jar-dir=/usr/lib/jvm-exports/java-1.5.0-gcj-4.8-amd64 --with-arch-directory=amd64 --with-ecj-jar=/usr/share/java/eclipse-ecj.jar --enable-objc-gc --enable-multiarch --disable-werror --with-arch-32=i686 --with-abi=m64 --with-multilib-list=m32,m64,mx32 --with-tune=generic --enable-checking=release --build=x86_64-linux-gnu --host=x86_64-linux-gnu --target=x86_64-linux-gnu
Thread model: posix
gcc version 4.8.2 (Ubuntu 4.8.2-19ubuntu1) 
configure:2184: $? = 0
configure:2191: gcc -V >&5
gcc: error: unrecognized command line option '-V'
gcc: fatal error: no input files
compilation terminated.
configure:2195: $? = 4
configure:2218: checking for C compiler default output file name
configure:2240: gcc    conftest.c  >&5
configure:2244: $? = 0
configure:2282: result: a.out
configure:2301: checking whether the C compiler works
configure:2311: ./a.out
configure:2315: $? = 0
configure:2334: result: yes
configure:2341: checking whether we are cross compiling
configure:2343: result: no
configure:2346: checking for suffix of executables
configure:2353: gcc -o conftest    conftest.c  >&5
configure:2357: $? = 0
configure:2383: result: 
configure:2389: checking for suffix of object files
configure:2415: gcc -c   conftest.c >&5
configure:2419: $? = 0
configure:2444: result: o
configure:2448: checking whether we are using the GNU C compiler
configure:2477: gcc -c   conftest.c >&5
configure:2484: $? = 0
configure:2501: result: yes
configure:2510: checking whether gcc accepts -g
configure:2540: gcc -c -g  conftest.c >&5
configure:2547: $? = 0
configure:2648: result: yes
configure:2665: checking for gcc option to accept ISO C89
configure:2739: gcc  -c -g -O2  conftest.c >&5
configure:2746: $? = 0
configure:2769: result: none needed
configure:2788: checking for an ANSI C-conforming const
configure:2863: gcc -c -g -O2  conftest.c >&5
configure:2870: $? = 0
configure:2885: result: yes
configure:2900: checking how to run the C preprocessor
configure:2940: gcc -E  conftest.c
configure:2947: $? = 0
configure:2978: gcc -E  conftest.c
conftest.c:8:28: fatal error: ac_nonexistent.h: No such file or directory
 #include <ac_nonexistent.h>
                            ^
compilation terminated.
configure:2985: $? = 1
configure: failed program was:
| /* confdefs.h.  */
| #define PACKAGE_NAME "VRITEAM-SYNC"
| #define PACKAGE_TARNAME "vriteam-sync"
| #define PACKAGE_VERSION "0.2.4"
| #define PACKAGE_STRING "VRITEAM-SYNC 0.2.4"
| #define PACKAGE_BUGREPORT "vriteam@163.com"
| /* end confdefs.h.  */
| #include <ac_nonexistent.h>
configure:3018: result: gcc -E
configure:3047: gcc -E  conftest.c
configure:3054: $? = 0
configure:3085: gcc -E  conftest.c
conftest.c:8:28: fatal error: ac_nonexistent.h: No such file or directory
 #include <ac_nonexistent.h>
                            ^
compilation terminated.
configure:3092: $? = 1
configure: failed program was:
| /* confdefs.h.  */
| #define PACKAGE_NAME "VRITEAM-SYNC"
| #define PACKAGE_TARNAME "vriteam-sync"
| #define PACKAGE_VERSION "0.2.4"
| #define PACKAGE_STRING "VRITEAM-SYNC 0.2.4"
| #define PACKAGE_BUGREPORT "vriteam@163.com"
| /* end confdefs.h.  */
| #include <ac_nonexistent.h>
configure:3132: checking for grep that handles long lines and -e
configure:3192: result: /bin/grep
configure:3197: checking for egrep
configure:3261: result: /bin/grep -E
configure:3266: checking for ANSI C header files
configure:3296: gcc -c -g -O2  conftest.c >&5
configure:3303: $? = 0
configure:3402: gcc -o conftest -g -O2   conftest.c  >&5
configure:3406: $? = 0
configure:3412: ./conftest
configure:3416: $? = 0
configure:3434: result: yes
configure:3458: checking for sys/types.h
configure:3479: gcc -c -g -O2  conftest.c >&5
configure:3486: $? = 0
configure:3503: result: yes
configure:3458: checking for sys/stat.h
configure:3479: gcc -c -g -O2  conftest.c >&5
configure:3486: $? = 0
configure:3503: result: yes
configure:3458: checking for stdlib.h
configure:3479: gcc -c -g -O2  conftest.c >&5
configure:3486: $? = 0
configure:3503: result: yes
configure:3458: checking for string.h
configure:3479: gcc -c -g -O2  conftest.c >&5
configure:3486: $? = 0
configure:3503: result: yes
configure:3458: checking for memory.h
configure:3479: gcc -c -g -O2  conftest.c >&5
configure:3486: $? = 0
configure:3503: result: yes
configure:3458: checking for strings.h
configure:3479: gcc -c -g -O2  conftest.c >&5
configure:3486: $? = 0
configure:3503: result: yes
configure:3458: checking for inttypes.h
configure:3479: gcc -c -g -O2  conftest.c >&5
configure:3486: $? = 0
configure:3503: result: yes
configure:3458: checking for stdint.h
configure:3479: gcc -c -g -O2  conftest.c >&5
configure:3486: $? = 0
configure:3503: result: yes
configure:3458: checking for unistd.h
configure:3479: gcc -c -g -O2  conftest.c >&5
configure:3486: $? = 0
configure:3503: result: yes
configure:3517: checking for size_t
configure:3545: gcc -c -g -O2  conftest.c >&5
configure:3552: $? = 0
configure:3579: gcc -c -g -O2  conftest.c >&5
conftest.c: In function 'main':
conftest.c:54:21: error: expected expression before ')' token
 if (sizeof ((size_t)))
                     ^
configure:3586: $? = 1
configure: failed program was:
| /* confdefs.h.  */
| #define PACKAGE_NAME "VRITEAM-SYNC"
| #define PACKAGE_TARNAME "vriteam-sync"
| #define PACKAGE_VERSION "0.2.4"
| #define PACKAGE_STRING "VRITEAM-SYNC 0.2.4"
| #define PACKAGE_BUGREPORT "vriteam@163.com"
| #define STDC_HEADERS 1
| #define HAVE_SYS_TYPES_H 1
| #define HAVE_SYS_STAT_H 1
| #define HAVE_STDLIB_H 1
| #define HAVE_STRING_H 1
| #define HAVE_MEMORY_H 1
| #define HAVE_STRINGS_H 1
| #define HAVE_INTTYPES_H 1
| #define HAVE_STDINT_H 1
| #define HAVE_UNISTD_H 1
| /* end confdefs.h.  */
| #include <stdio.h>
| #ifdef HAVE_SYS_TYPES_H
| # include <sys/types.h>
| #endif
| #ifdef HAVE_SYS_STAT_H
| # include <sys/stat.h>
| #endif
| #ifdef STDC_HEADERS
| # include <stdlib.h>
| # include <stddef.h>
| #else
| # ifdef HAVE_STDLIB_H
| #  include <stdlib.h>
| # endif
| #endif
| #ifdef HAVE_STRING_H
| # if !defined STDC_HEADERS && defined HAVE_MEMORY_H
| #  include <memory.h>
| # endif
| # include <string.h>
| #endif
| #ifdef HAVE_STRINGS_H
| # include <strings.h>
| #endif
| #ifdef HAVE_INTTYPES_H
| # include <inttypes.h>
| #endif
| #ifdef HAVE_STDINT_H
| # include <stdint.h>
| #endif
| #ifdef HAVE_UNISTD_H
| # include <unistd.h>
| #endif
| int
| main ()
| {
| if (sizeof ((size_t)))
| 	  return 0;
|   ;
|   return 0;
| }
configure:3609: result: yes
configure:3625: checking for gawk
configure:3655: result: no
configure:3625: checking for mawk
configure:3641: found /usr/bin/mawk
configure:3652: result: mawk
configure:3666: checking for sed
configure:3682: found /bin/sed
configure:3694: result: yes
configure:3704: checking for wget
configure:3720: found /usr/bin/wget
configure:3732: result: yes
configure:3742: checking for gcc
configure:3770: result: yes
configure:3780: checking for perl
configure:3796: found /usr/bin/perl
configure:3808: result: yes
configure:3818: checking for autoconf
configure:3846: result: no
configure:3856: checking for automake
configure:3884: result: no
configure:3894: checking for make
configure:3910: found /usr/bin/make
configure:3922: result: yes
configure:3932: checking for bzip2
configure:3948: found /bin/bzip2
configure:3960: result: yes
configure:3970: checking for tar
configure:3986: found /bin/tar
configure:3998: result: yes
configure:4008: checking for zip
configure:4024: found /usr/bin/zip
configure:4036: result: yes
configure:4046: checking for gzip
configure:4062: found /bin/gzip
configure:4074: result: yes
configure:4094: error: One of the tools() NOT FOUND!

## ---------------- ##
## Cache variables. ##
## ---------------- ##

ac_cv_c_compiler_gnu=yes
ac_cv_c_const=yes
ac_cv_env_CC_set=
ac_cv_env_CC_value=
ac_cv_env_CFLAGS_set=
ac_cv_env_CFLAGS_value=
ac_cv_env_CPPFLAGS_set=
ac_cv_env_CPPFLAGS_value=
ac_cv_env_CPP_set=
ac_cv_env_CPP_value=
ac_cv_env_LDFLAGS_set=
ac_cv_env_LDFLAGS_value=
ac_cv_env_LIBS_set=
ac_cv_env_LIBS_value=
ac_cv_env_build_alias_set=
ac_cv_env_build_alias_value=
ac_cv_env_host_alias_set=
ac_cv_env_host_alias_value=
ac_cv_env_target_alias_set=
ac_cv_env_target_alias_value=
ac_cv_header_inttypes_h=yes
ac_cv_header_memory_h=yes
ac_cv_header_stdc=yes
ac_cv_header_stdint_h=yes
ac_cv_header_stdlib_h=yes
ac_cv_header_string_h=yes
ac_cv_header_strings_h=yes
ac_cv_header_sys_stat_h=yes
ac_cv_header_sys_types_h=yes
ac_cv_header_unistd_h=yes
ac_cv_objext=o
ac_cv_path_EGREP='/bin/grep -E'
ac_cv_path_GREP=/bin/grep
ac_cv_prog_AUTOCONF=no
ac_cv_prog_AUTOMAKE=no
ac_cv_prog_AWK=mawk
ac_cv_prog_BZIP2=yes
ac_cv_prog_CPP='gcc -E'
ac_cv_prog_GCC=yes
ac_cv_prog_GZIP=yes
ac_cv_prog_MAKE=yes
ac_cv_prog_PERL=yes
ac_cv_prog_SED=yes
ac_cv_prog_TAR=yes
ac_cv_prog_WGET=yes
ac_cv_prog_ZIP=yes
ac_cv_prog_ac_ct_CC=gcc
ac_cv_prog_cc_c89=
ac_cv_prog_cc_g=yes
ac_cv_type_size_t=yes

## ----------------- ##
## Output variables. ##
## ----------------- ##

AUTOCONF='no'
AUTOMAKE='no'
AWK='mawk'
BZIP2='yes'
CC='gcc'
CFLAGS='-g -O2'
CPP='gcc -E'
CPPFLAGS=''
DEFS=''
ECHO_C=''
ECHO_N='-n'
ECHO_T=''
EGREP='/bin/grep -E'
EXEEXT=''
GCC='yes'
GREP='/bin/grep'
GZIP='yes'
LDFLAGS=''
LIBS=''
MAKE='yes'
OBJEXT='o'
PACKAGE_BUGREPORT='vriteam@163.com'
PACKAGE_NAME='VRITEAM-SYNC'
PACKAGE_STRING='VRITEAM-SYNC 0.2.4'
PACKAGE_TARNAME='vriteam-sync'
PACKAGE_VERSION='0.2.4'
PATH_SEPARATOR=':'
PERL='yes'
PHP=''
SED='yes'
SHELL='/bin/bash'
TAR='yes'
WGET='yes'
ZIP='yes'
ac_ct_CC='gcc'
bindir='${exec_prefix}/bin'
build_alias=''
datadir='${datarootdir}'
datarootdir='${prefix}/share'
docdir='${datarootdir}/doc/${PACKAGE_TARNAME}'
dvidir='${docdir}'
exec_prefix='NONE'
host_alias=''
htmldir='${docdir}'
includedir='${prefix}/include'
infodir='${datarootdir}/info'
libdir='${exec_prefix}/lib'
libexecdir='${exec_prefix}/libexec'
localedir='${datarootdir}/locale'
localstatedir='${prefix}/var'
mandir='${datarootdir}/man'
oldincludedir='/usr/include'
pdfdir='${docdir}'
prefix='NONE'
program_transform_name='s,x,x,'
psdir='${docdir}'
sbindir='${exec_prefix}/sbin'
sharedstatedir='${prefix}/com'
sysconfdir='${prefix}/etc'
target_alias=''

## ----------- ##
## confdefs.h. ##
## ----------- ##

#define PACKAGE_NAME "VRITEAM-SYNC"
#define PACKAGE_TARNAME "vriteam-sync"
#define PACKAGE_VERSION "0.2.4"
#define PACKAGE_STRING "VRITEAM-SYNC 0.2.4"
#define PACKAGE_BUGREPORT "vriteam@163.com"
#define STDC_HEADERS 1
#define HAVE_SYS_TYPES_H 1
#define HAVE_SYS_STAT_H 1
#define HAVE_STDLIB_H 1
#define HAVE_STRING_H 1
#define HAVE_MEMORY_H 1
#define HAVE_STRINGS_H 1
#define HAVE_INTTYPES_H 1
#define HAVE_STDINT_H 1
#define HAVE_UNISTD_H 1

configure: exit 1
